<?xml version="1.0" encoding="UTF-8"?>
<testsuite name="com.example.tests.SearchGoogle" tests="1" skipped="0" failures="0" errors="0" timestamp="2019-07-08T10:46:09" hostname="DESKTOP-3QQMBK5" time="5.418">
  <properties/>
  <testcase name="testSearchGoogle" classname="com.example.tests.SearchGoogle" time="5.418"/>
  <system-out><![CDATA[]]></system-out>
  <system-err><![CDATA[Starting ChromeDriver 75.0.3770.90 (a6dcaf7e3ec6f70a194cc25e8149475c6590e025-refs/branch-heads/3770@{#1003}) on port 28746
Only local connections are allowed.
Please protect ports used by ChromeDriver and related test frameworks to prevent access by malicious code.
Jul 08, 2019 5:46:12 PM org.openqa.selenium.remote.ProtocolHandshake createSession
INFO: Detected dialect: W3C
]]></system-err>
</testsuite>
